git-lfs/3.4.1 (GitHub; windows amd64; go 1.20.11; git 0898dcbc)
git version 2.44.0.windows.1

$ git-lfs prune
Prune error: error in `git log`: exit status 128 fatal: not a git repository (or any of the parent directories): .git

Prune error: Git can't resolve ref: "HEAD"
Prune error: Git can't resolve ref: "HEAD"

Git can't resolve ref: "HEAD"

Current time in UTC:
2025-05-16 00:51:04

Environment:
LocalWorkingDir=
LocalGitDir=
LocalGitStorageDir=
LocalMediaDir=lfs\objects
LocalReferenceDirs=
TempDir=lfs\tmp
ConcurrentTransfers=8
TusTransfers=false
BasicTransfersOnly=false
SkipDownloadErrors=false
FetchRecentAlways=false
FetchRecentRefsDays=7
FetchRecentCommitsDays=0
FetchRecentRefsIncludeRemotes=true
PruneOffsetDays=3
PruneVerifyRemoteAlways=false
PruneRemoteName=origin
LfsStorageDir=lfs
AccessDownload=none
AccessUpload=none
DownloadTransfers=basic,lfs-standalone-file,ssh
UploadTransfers=basic,lfs-standalone-file,ssh
GIT_EXEC_PATH=C:/Program Files/Git/mingw64/libexec/git-core

Client IP addresses:
fe80::6cec:1d1b:f0f5:36e9 192.168.0.213
